2024.10.07 21:16:35 INFO  Started: Metals version 1.3.5 in folders 'C:\Users\Usuario\Documents\prestamoapp' for client Visual Studio Code 1.94.0.
2024.10.07 21:16:35 INFO  time: initialize in 0.28s
SLF4J(W): Class path contains multiple SLF4J providers.
SLF4J(W): Found provider [scribe.slf4j.ScribeServiceProvider@35b0e5c3]
SLF4J(W): Found provider [ch.qos.logback.classic.spi.LogbackServiceProvider@28af6c78]
SLF4J(W): See https://www.slf4j.org/codes.html#multiple_bindings for an explanation.
SLF4J(I): Actual provider is of type [scribe.slf4j.ScribeServiceProvider@35b0e5c3]
2024.10.07 21:16:36 WARN  Flyway upgrade recommended: H2 2.3.230 is newer than this version of Flyway and support has not been tested. The latest supported version of H2 is 2.2.220.
2024.10.07 21:17:53 INFO  no build target found for C:\Users\Usuario\Documents\prestamoapp\loanmanagementapp\build.sbt. Using presentation compiler with project's scala-library version: 3.3.3
2024.10.07 21:18:28 INFO  no build target found for C:\Users\Usuario\Documents\prestamoapp\loanmanagementapp\build.sbt. Using presentation compiler with project's scala-library version: 3.3.3
2024.10.07 21:22:08 INFO  no build target found for C:\Users\Usuario\Documents\prestamoapp\loanmanagementapp\build.sc. Using presentation compiler with project's scala-library version: 3.3.3
2024.10.07 21:23:14 INFO  no build target found for C:\Users\Usuario\Documents\prestamoapp\loanmanagementapp\app\controllers\LoanController.scala. Using presentation compiler with project's scala-library version: 3.3.3
2024.10.07 21:23:16 INFO  no build target found for C:\Users\Usuario\Documents\prestamoapp\loanmanagementapp\app\controllers\LoanController.scala. Using presentation compiler with project's scala-library version: 3.3.3
2024.10.07 21:23:16 INFO  no build target found for C:\Users\Usuario\Documents\prestamoapp\loanmanagementapp\app\controllers\LoanController.scala. Using presentation compiler with project's scala-library version: 3.3.3
2024.10.07 21:23:16 INFO  no build target found for C:\Users\Usuario\Documents\prestamoapp\loanmanagementapp\app\controllers\LoanController.scala. Using presentation compiler with project's scala-library version: 3.3.3
2024.10.07 21:23:16 INFO  no build target found for C:\Users\Usuario\Documents\prestamoapp\loanmanagementapp\app\controllers\LoanController.scala. Using presentation compiler with project's scala-library version: 3.3.3
2024.10.07 21:23:16 INFO  no build target found for C:\Users\Usuario\Documents\prestamoapp\loanmanagementapp\app\controllers\LoanController.scala. Using presentation compiler with project's scala-library version: 3.3.3
2024.10.07 21:23:17 INFO  no build target found for C:\Users\Usuario\Documents\prestamoapp\loanmanagementapp\app\controllers\LoanController.scala. Using presentation compiler with project's scala-library version: 3.3.3
2024.10.07 21:23:18 WARN  no build target for: C:\Users\Usuario\Documents\prestamoapp\loanmanagementapp\app\controllers\LoanController.scala
2024.10.07 21:23:18 INFO  no build target found for C:\Users\Usuario\Documents\prestamoapp\loanmanagementapp\app\controllers\LoanController.scala. Using presentation compiler with project's scala-library version: 3.3.3
2024.10.07 21:24:40 INFO  no build target found for C:\Users\Usuario\Documents\prestamoapp\loanmanagementapp\build.sc. Using presentation compiler with project's scala-library version: 3.3.3
2024.10.07 21:24:40 INFO  no build target found for C:\Users\Usuario\Documents\prestamoapp\loanmanagementapp\build.sbt. Using presentation compiler with project's scala-library version: 3.3.3
2024.10.07 21:24:44 INFO  no build target found for C:\Users\Usuario\Documents\prestamoapp\loanmanagementapp\build.sbt. Using presentation compiler with project's scala-library version: 3.3.3
2024.10.07 21:24:44 INFO  no build target found for C:\Users\Usuario\Documents\prestamoapp\loanmanagementapp\build.sc. Using presentation compiler with project's scala-library version: 3.3.3
2024.10.07 21:24:52 INFO  no build target found for C:\Users\Usuario\Documents\prestamoapp\loanmanagementapp\build.sc. Using presentation compiler with project's scala-library version: 3.3.3
2024.10.07 21:24:52 INFO  no build target found for C:\Users\Usuario\Documents\prestamoapp\loanmanagementapp\build.sbt. Using presentation compiler with project's scala-library version: 3.3.3
2024.10.07 21:25:05 INFO  no build target found for C:\Users\Usuario\Documents\prestamoapp\loanmanagementapp\build.sbt. Using presentation compiler with project's scala-library version: 3.3.3
2024.10.07 21:25:05 INFO  no build target found for C:\Users\Usuario\Documents\prestamoapp\loanmanagementapp\build.sbt. Using presentation compiler with project's scala-library version: 3.3.3
2024.10.07 21:25:07 INFO  no build target found for C:\Users\Usuario\Documents\prestamoapp\loanmanagementapp\build.sbt. Using presentation compiler with project's scala-library version: 3.3.3
2024.10.07 21:25:07 WARN  no build target for: C:\Users\Usuario\Documents\prestamoapp\loanmanagementapp\build.sbt
2024.10.07 21:25:07 INFO  no build target found for C:\Users\Usuario\Documents\prestamoapp\loanmanagementapp\build.sbt. Using presentation compiler with project's scala-library version: 3.3.3
2024.10.07 21:25:08 INFO  no build target found for C:\Users\Usuario\Documents\prestamoapp\loanmanagementapp\build.sbt. Using presentation compiler with project's scala-library version: 3.3.3
2024.10.07 21:25:08 INFO  no build target found for C:\Users\Usuario\Documents\prestamoapp\loanmanagementapp\build.sbt. Using presentation compiler with project's scala-library version: 3.3.3
oct. 07, 2024 9:25:09 P. M. org.eclipse.lsp4j.jsonrpc.RemoteEndpoint handleCancellation
ADVERTENCIA: Unmatched cancel notification for request id 77
2024.10.07 21:25:10 INFO  no build target found for C:\Users\Usuario\Documents\prestamoapp\loanmanagementapp\build.sbt. Using presentation compiler with project's scala-library version: 3.3.3
2024.10.07 21:32:57 INFO  no build target found for C:\Users\Usuario\Documents\prestamoapp\loanmanagementapp\build.sbt. Using presentation compiler with project's scala-library version: 3.3.3
2024.10.07 21:33:05 INFO  no build target found for C:\Users\Usuario\Documents\prestamoapp\loanmanagementapp\app\models\loantable.scala. Using presentation compiler with project's scala-library version: 3.3.3
2024.10.07 21:33:05 WARN  Could not find semantic tokens for: file:///C:/Users/Usuario/Documents/prestamoapp/loanmanagementapp/app/models/loantable.scala
2024.10.07 21:33:29 INFO  no build target found for C:\Users\Usuario\Documents\prestamoapp\loanmanagementapp\app\models\LoanTable.scala. Using presentation compiler with project's scala-library version: 3.3.3
2024.10.07 21:33:29 INFO  no build target found for C:\Users\Usuario\Documents\prestamoapp\loanmanagementapp\app\models\LoanTable.scala. Using presentation compiler with project's scala-library version: 3.3.3
2024.10.07 21:33:29 INFO  no build target found for C:\Users\Usuario\Documents\prestamoapp\loanmanagementapp\app\models\LoanTable.scala. Using presentation compiler with project's scala-library version: 3.3.3
2024.10.07 21:33:30 WARN  no build target for: C:\Users\Usuario\Documents\prestamoapp\loanmanagementapp\app\models\LoanTable.scala
2024.10.07 21:33:30 INFO  no build target found for C:\Users\Usuario\Documents\prestamoapp\loanmanagementapp\app\models\LoanTable.scala. Using presentation compiler with project's scala-library version: 3.3.3
2024.10.07 21:33:30 INFO  no build target found for C:\Users\Usuario\Documents\prestamoapp\loanmanagementapp\app\models\LoanTable.scala. Using presentation compiler with project's scala-library version: 3.3.3
2024.10.07 21:34:29 INFO  no build target found for C:\Users\Usuario\Documents\prestamoapp\loanmanagementapp\app\controllers\LoanController.scala. Using presentation compiler with project's scala-library version: 3.3.3
2024.10.07 21:34:32 INFO  no build target found for C:\Users\Usuario\Documents\prestamoapp\loanmanagementapp\app\controllers\LoanController.scala. Using presentation compiler with project's scala-library version: 3.3.3
2024.10.07 21:34:32 INFO  no build target found for C:\Users\Usuario\Documents\prestamoapp\loanmanagementapp\app\controllers\LoanController.scala. Using presentation compiler with project's scala-library version: 3.3.3
2024.10.07 21:34:32 INFO  no build target found for C:\Users\Usuario\Documents\prestamoapp\loanmanagementapp\app\controllers\LoanController.scala. Using presentation compiler with project's scala-library version: 3.3.3
2024.10.07 21:34:32 INFO  no build target found for C:\Users\Usuario\Documents\prestamoapp\loanmanagementapp\app\controllers\LoanController.scala. Using presentation compiler with project's scala-library version: 3.3.3
2024.10.07 21:34:32 INFO  no build target found for C:\Users\Usuario\Documents\prestamoapp\loanmanagementapp\app\controllers\LoanController.scala. Using presentation compiler with project's scala-library version: 3.3.3
2024.10.07 21:34:33 INFO  no build target found for C:\Users\Usuario\Documents\prestamoapp\loanmanagementapp\app\controllers\LoanController.scala. Using presentation compiler with project's scala-library version: 3.3.3
2024.10.07 21:34:33 WARN  no build target for: C:\Users\Usuario\Documents\prestamoapp\loanmanagementapp\app\controllers\LoanController.scala
2024.10.07 21:34:33 INFO  no build target found for C:\Users\Usuario\Documents\prestamoapp\loanmanagementapp\app\controllers\LoanController.scala. Using presentation compiler with project's scala-library version: 3.3.3
2024.10.07 21:36:15 INFO  no build target found for C:\Users\Usuario\Documents\prestamoapp\loanmanagementapp\build.sbt. Using presentation compiler with project's scala-library version: 3.3.3
2024.10.07 21:36:18 INFO  no build target found for C:\Users\Usuario\Documents\prestamoapp\loanmanagementapp\build.sbt. Using presentation compiler with project's scala-library version: 3.3.3
2024.10.07 21:36:18 INFO  no build target found for C:\Users\Usuario\Documents\prestamoapp\loanmanagementapp\build.sbt. Using presentation compiler with project's scala-library version: 3.3.3
2024.10.07 21:36:18 INFO  no build target found for C:\Users\Usuario\Documents\prestamoapp\loanmanagementapp\build.sbt. Using presentation compiler with project's scala-library version: 3.3.3
2024.10.07 21:36:18 INFO  no build target found for C:\Users\Usuario\Documents\prestamoapp\loanmanagementapp\build.sbt. Using presentation compiler with project's scala-library version: 3.3.3
2024.10.07 21:36:18 INFO  no build target found for C:\Users\Usuario\Documents\prestamoapp\loanmanagementapp\build.sbt. Using presentation compiler with project's scala-library version: 3.3.3
2024.10.07 21:36:20 INFO  no build target found for C:\Users\Usuario\Documents\prestamoapp\loanmanagementapp\build.sbt. Using presentation compiler with project's scala-library version: 3.3.3
2024.10.07 21:36:21 INFO  no build target found for C:\Users\Usuario\Documents\prestamoapp\loanmanagementapp\build.sbt. Using presentation compiler with project's scala-library version: 3.3.3
2024.10.07 21:38:50 INFO  no build target found for C:\Users\Usuario\Documents\prestamoapp\loanmanagementapp\conf\evolution\sds.scala. Using presentation compiler with project's scala-library version: 3.3.3
2024.10.07 21:38:50 WARN  Could not find semantic tokens for: file:///C:/Users/Usuario/Documents/prestamoapp/loanmanagementapp/conf/evolution/sds.scala
2024.10.07 21:39:27 INFO  no build target found for c:\Users\Usuario\Documents\prestamoapp\loanmanagementapp\conf\evolution\sds.scala. Using presentation compiler with project's scala-library version: 3.3.3
oct. 07, 2024 9:40:09 P. M. org.eclipse.lsp4j.jsonrpc.services.GenericEndpoint notify
INFORMACIÓN: Unsupported notification method: $/setTrace
2024.10.07 21:46:44 INFO  no build target found for C:\Users\Usuario\Documents\prestamoapp\loanmanagementapp\build.sbt. Using presentation compiler with project's scala-library version: 3.3.3
2024.10.07 21:46:44 INFO  no build target found for C:\Users\Usuario\Documents\prestamoapp\loanmanagementapp\build.sbt. Using presentation compiler with project's scala-library version: 3.3.3
2024.10.07 21:46:47 INFO  no build target found for C:\Users\Usuario\Documents\prestamoapp\loanmanagementapp\build.sbt. Using presentation compiler with project's scala-library version: 3.3.3
2024.10.07 21:46:47 INFO  no build target found for C:\Users\Usuario\Documents\prestamoapp\loanmanagementapp\build.sbt. Using presentation compiler with project's scala-library version: 3.3.3
2024.10.07 21:46:47 INFO  no build target found for C:\Users\Usuario\Documents\prestamoapp\loanmanagementapp\build.sbt. Using presentation compiler with project's scala-library version: 3.3.3
2024.10.07 21:46:47 INFO  no build target found for C:\Users\Usuario\Documents\prestamoapp\loanmanagementapp\build.sbt. Using presentation compiler with project's scala-library version: 3.3.3
2024.10.07 21:46:47 INFO  no build target found for C:\Users\Usuario\Documents\prestamoapp\loanmanagementapp\build.sbt. Using presentation compiler with project's scala-library version: 3.3.3
2024.10.07 21:46:48 INFO  no build target found for C:\Users\Usuario\Documents\prestamoapp\loanmanagementapp\build.sbt. Using presentation compiler with project's scala-library version: 3.3.3
2024.10.07 21:46:48 WARN  Could not find semantic tokens for: file:///C:/Users/Usuario/Documents/prestamoapp/loanmanagementapp/build.sbt
2024.10.07 21:46:50 INFO  no build target found for C:\Users\Usuario\Documents\prestamoapp\loanmanagementapp\build.sbt. Using presentation compiler with project's scala-library version: 3.3.3
2024.10.07 21:46:50 INFO  no build target found for C:\Users\Usuario\Documents\prestamoapp\loanmanagementapp\build.sbt. Using presentation compiler with project's scala-library version: 3.3.3
2024.10.07 21:46:51 INFO  no build target found for C:\Users\Usuario\Documents\prestamoapp\loanmanagementapp\build.sbt. Using presentation compiler with project's scala-library version: 3.3.3
2024.10.07 21:46:53 INFO  no build target found for C:\Users\Usuario\Documents\prestamoapp\loanmanagementapp\build.sbt. Using presentation compiler with project's scala-library version: 3.3.3
2024.10.07 21:49:48 INFO  no build target found for c:\Users\Usuario\Documents\prestamoapp\loanmanagementapp\build.sbt. Using presentation compiler with project's scala-library version: 3.3.3
2024.10.07 21:49:51 INFO  Shutting down server
2024.10.07 21:49:51 INFO  shutting down Metals
2024.10.07 21:49:51 INFO  Exiting server
2024.10.07 21:50:16 INFO  Started: Metals version 1.3.5 in folders 'C:\Users\Usuario\Documents\prestamoapp' for client Visual Studio Code 1.94.0.
SLF4J(W): Class path contains multiple SLF4J providers.
SLF4J(W): Found provider [scribe.slf4j.ScribeServiceProvider@cd896f6]
SLF4J(W): Found provider [ch.qos.logback.classic.spi.LogbackServiceProvider@20a9e163]
SLF4J(W): See https://www.slf4j.org/codes.html#multiple_bindings for an explanation.
SLF4J(I): Actual provider is of type [scribe.slf4j.ScribeServiceProvider@cd896f6]
2024.10.07 21:50:18 WARN  Flyway upgrade recommended: H2 2.3.230 is newer than this version of Flyway and support has not been tested. The latest supported version of H2 is 2.2.220.
2024.10.07 21:50:55 INFO  no build target found for C:\Users\Usuario\Documents\prestamoapp\app\controllers\LoanController.scala. Using presentation compiler with project's scala-library version: 3.3.3
oct. 07, 2024 9:50:55 P. M. org.eclipse.lsp4j.jsonrpc.RemoteEndpoint handleCancellation
ADVERTENCIA: Unmatched cancel notification for request id 4
2024.10.07 21:52:09 INFO  no build target found for C:\Users\Usuario\Documents\prestamoapp\app\controllers\LoanController.scala. Using presentation compiler with project's scala-library version: 3.3.3
2024.10.07 22:10:40 INFO  no build target found for C:\Users\Usuario\Documents\prestamoapp\app\controllers\LoanController.scala. Using presentation compiler with project's scala-library version: 3.3.3
2024.10.07 22:10:41 INFO  no build target found for C:\Users\Usuario\Documents\prestamoapp\app\controllers\LoanController.scala. Using presentation compiler with project's scala-library version: 3.3.3
2024.10.07 22:10:43 INFO  no build target found for C:\Users\Usuario\Documents\prestamoapp\app\controllers\LoanController.scala. Using presentation compiler with project's scala-library version: 3.3.3
2024.10.07 22:10:44 INFO  no build target found for C:\Users\Usuario\Documents\prestamoapp\app\controllers\LoanController.scala. Using presentation compiler with project's scala-library version: 3.3.3
2024.10.07 22:10:44 INFO  no build target found for C:\Users\Usuario\Documents\prestamoapp\app\controllers\LoanController.scala. Using presentation compiler with project's scala-library version: 3.3.3
2024.10.07 22:10:44 INFO  no build target found for C:\Users\Usuario\Documents\prestamoapp\app\controllers\LoanController.scala. Using presentation compiler with project's scala-library version: 3.3.3
2024.10.07 22:10:46 INFO  no build target found for C:\Users\Usuario\Documents\prestamoapp\app\controllers\LoanController.scala. Using presentation compiler with project's scala-library version: 3.3.3
2024.10.07 22:10:46 INFO  no build target found for C:\Users\Usuario\Documents\prestamoapp\app\controllers\LoanController.scala. Using presentation compiler with project's scala-library version: 3.3.3
2024.10.07 22:10:46 INFO  no build target found for C:\Users\Usuario\Documents\prestamoapp\app\controllers\LoanController.scala. Using presentation compiler with project's scala-library version: 3.3.3
2024.10.07 22:10:46 WARN  no build target for: C:\Users\Usuario\Documents\prestamoapp\app\controllers\LoanController.scala
2024.10.07 22:10:48 WARN  Using indexes to guess the definition of index
2024.10.07 22:10:49 INFO  no build target found for C:\Users\Usuario\Documents\prestamoapp\app\controllers\LoanController.scala. Using presentation compiler with project's scala-library version: 3.3.3
2024.10.07 22:17:09 INFO  no build target found for C:\Users\Usuario\Documents\prestamoapp\build.sbt. Using presentation compiler with project's scala-library version: 3.3.3
2024.10.07 22:17:10 INFO  no build target found for C:\Users\Usuario\Documents\prestamoapp\build.sbt. Using presentation compiler with project's scala-library version: 3.3.3
2024.10.07 22:17:14 INFO  no build target found for C:\Users\Usuario\Documents\prestamoapp\build.sbt. Using presentation compiler with project's scala-library version: 3.3.3
2024.10.07 22:17:14 INFO  no build target found for C:\Users\Usuario\Documents\prestamoapp\build.sbt. Using presentation compiler with project's scala-library version: 3.3.3
2024.10.07 22:17:18 INFO  no build target found for C:\Users\Usuario\Documents\prestamoapp\build.sbt. Using presentation compiler with project's scala-library version: 3.3.3
2024.10.07 22:17:18 WARN  no build target for: C:\Users\Usuario\Documents\prestamoapp\build.sbt
2024.10.07 22:17:18 INFO  no build target found for C:\Users\Usuario\Documents\prestamoapp\build.sbt. Using presentation compiler with project's scala-library version: 3.3.3
2024.10.07 22:18:02 INFO  no build target found for C:\Users\Usuario\Documents\prestamoapp\build.sbt. Using presentation compiler with project's scala-library version: 3.3.3
2024.10.07 22:18:03 INFO  no build target found for C:\Users\Usuario\Documents\prestamoapp\build.sbt. Using presentation compiler with project's scala-library version: 3.3.3
2024.10.07 22:31:40 INFO  no build target found for C:\Users\Usuario\Documents\prestamoapp\build.sbt. Using presentation compiler with project's scala-library version: 3.3.3
2024.10.07 22:31:44 INFO  no build target found for C:\Users\Usuario\Documents\prestamoapp\build.sbt. Using presentation compiler with project's scala-library version: 3.3.3
2024.10.07 22:31:44 INFO  no build target found for C:\Users\Usuario\Documents\prestamoapp\build.sbt. Using presentation compiler with project's scala-library version: 3.3.3
2024.10.07 22:31:46 INFO  no build target found for C:\Users\Usuario\Documents\prestamoapp\build.sbt. Using presentation compiler with project's scala-library version: 3.3.3
2024.10.07 22:31:47 INFO  no build target found for C:\Users\Usuario\Documents\prestamoapp\build.sbt. Using presentation compiler with project's scala-library version: 3.3.3
2024.10.07 22:31:46 INFO  no build target found for C:\Users\Usuario\Documents\prestamoapp\build.sbt. Using presentation compiler with project's scala-library version: 3.3.3
2024.10.07 22:31:50 INFO  no build target found for C:\Users\Usuario\Documents\prestamoapp\build.sbt. Using presentation compiler with project's scala-library version: 3.3.3
2024.10.07 22:31:50 INFO  no build target found for C:\Users\Usuario\Documents\prestamoapp\build.sbt. Using presentation compiler with project's scala-library version: 3.3.3
2024.10.07 22:31:50 INFO  no build target found for C:\Users\Usuario\Documents\prestamoapp\build.sbt. Using presentation compiler with project's scala-library version: 3.3.3
2024.10.07 22:31:51 WARN  no build target for: C:\Users\Usuario\Documents\prestamoapp\build.sbt
2024.10.07 22:31:51 INFO  no build target found for C:\Users\Usuario\Documents\prestamoapp\build.sbt. Using presentation compiler with project's scala-library version: 3.3.3
2024.10.07 22:33:05 INFO  no build target found for C:\Users\Usuario\Documents\prestamoapp\build.sbt. Using presentation compiler with project's scala-library version: 3.3.3
2024.10.07 22:33:05 INFO  no build target found for C:\Users\Usuario\Documents\prestamoapp\build.sbt. Using presentation compiler with project's scala-library version: 3.3.3
2024.10.07 22:33:06 INFO  no build target found for C:\Users\Usuario\Documents\prestamoapp\build.sbt. Using presentation compiler with project's scala-library version: 3.3.3
2024.10.07 22:39:26 INFO  no build target found for C:\Users\Usuario\Documents\prestamoapp\build.sbt. Using presentation compiler with project's scala-library version: 3.3.3
2024.10.07 22:39:26 INFO  no build target found for C:\Users\Usuario\Documents\prestamoapp\build.sbt. Using presentation compiler with project's scala-library version: 3.3.3
2024.10.07 22:39:27 INFO  no build target found for C:\Users\Usuario\Documents\prestamoapp\build.sbt. Using presentation compiler with project's scala-library version: 3.3.3
2024.10.07 22:39:27 INFO  no build target found for C:\Users\Usuario\Documents\prestamoapp\build.sbt. Using presentation compiler with project's scala-library version: 3.3.3
2024.10.07 22:39:28 INFO  no build target found for C:\Users\Usuario\Documents\prestamoapp\build.sbt. Using presentation compiler with project's scala-library version: 3.3.3
oct. 07, 2024 10:39:28 P. M. org.eclipse.lsp4j.jsonrpc.RemoteEndpoint handleCancellation
ADVERTENCIA: Unmatched cancel notification for request id 105
2024.10.07 22:39:28 INFO  no build target found for C:\Users\Usuario\Documents\prestamoapp\build.sbt. Using presentation compiler with project's scala-library version: 3.3.3
2024.10.07 22:39:28 INFO  no build target found for C:\Users\Usuario\Documents\prestamoapp\build.sbt. Using presentation compiler with project's scala-library version: 3.3.3
2024.10.07 22:39:31 INFO  no build target found for C:\Users\Usuario\Documents\prestamoapp\build.sbt. Using presentation compiler with project's scala-library version: 3.3.3
2024.10.07 22:39:31 INFO  no build target found for C:\Users\Usuario\Documents\prestamoapp\build.sbt. Using presentation compiler with project's scala-library version: 3.3.3
2024.10.07 22:39:31 INFO  no build target found for C:\Users\Usuario\Documents\prestamoapp\build.sbt. Using presentation compiler with project's scala-library version: 3.3.3
2024.10.07 22:39:32 INFO  no build target found for C:\Users\Usuario\Documents\prestamoapp\build.sbt. Using presentation compiler with project's scala-library version: 3.3.3
2024.10.07 22:39:32 INFO  no build target found for C:\Users\Usuario\Documents\prestamoapp\build.sbt. Using presentation compiler with project's scala-library version: 3.3.3
2024.10.07 22:39:32 INFO  no build target found for C:\Users\Usuario\Documents\prestamoapp\build.sbt. Using presentation compiler with project's scala-library version: 3.3.3
2024.10.07 22:39:33 WARN  no build target for: C:\Users\Usuario\Documents\prestamoapp\build.sbt
2024.10.07 22:39:33 INFO  no build target found for C:\Users\Usuario\Documents\prestamoapp\build.sbt. Using presentation compiler with project's scala-library version: 3.3.3
2024.10.07 22:39:49 INFO  no build target found for C:\Users\Usuario\Documents\prestamoapp\build.sbt. Using presentation compiler with project's scala-library version: 3.3.3
2024.10.07 22:39:56 INFO  no build target found for C:\Users\Usuario\Documents\prestamoapp\build.sbt. Using presentation compiler with project's scala-library version: 3.3.3
oct. 07, 2024 10:41:33 P. M. org.eclipse.lsp4j.jsonrpc.RemoteEndpoint handleCancellation
ADVERTENCIA: Unmatched cancel notification for request id 126
2024.10.07 22:41:34 INFO  no build target found for C:\Users\Usuario\Documents\prestamoapp\app\controllers\LoanController.scala. Using presentation compiler with project's scala-library version: 3.3.3
2024.10.07 22:41:36 INFO  no build target found for C:\Users\Usuario\Documents\prestamoapp\app\controllers\LoanController.scala. Using presentation compiler with project's scala-library version: 3.3.3
2024.10.07 22:41:37 INFO  no build target found for C:\Users\Usuario\Documents\prestamoapp\app\controllers\LoanController.scala. Using presentation compiler with project's scala-library version: 3.3.3
2024.10.07 22:41:38 INFO  no build target found for C:\Users\Usuario\Documents\prestamoapp\app\controllers\LoanController.scala. Using presentation compiler with project's scala-library version: 3.3.3
2024.10.07 22:41:38 INFO  no build target found for C:\Users\Usuario\Documents\prestamoapp\app\controllers\LoanController.scala. Using presentation compiler with project's scala-library version: 3.3.3
2024.10.07 22:41:38 WARN  no build target for: C:\Users\Usuario\Documents\prestamoapp\app\controllers\LoanController.scala
2024.10.07 22:41:38 INFO  no build target found for C:\Users\Usuario\Documents\prestamoapp\app\controllers\LoanController.scala. Using presentation compiler with project's scala-library version: 3.3.3
2024.10.07 22:43:10 INFO  no build target found for C:\Users\Usuario\Documents\prestamoapp\app\controllers\LoanController.scala. Using presentation compiler with project's scala-library version: 3.3.3
2024.10.07 22:43:15 INFO  no build target found for C:\Users\Usuario\Documents\prestamoapp\app\controllers\LoanController.scala. Using presentation compiler with project's scala-library version: 3.3.3
2024.10.07 22:43:16 INFO  no build target found for C:\Users\Usuario\Documents\prestamoapp\app\controllers\LoanController.scala. Using presentation compiler with project's scala-library version: 3.3.3
2024.10.07 22:43:19 INFO  no build target found for C:\Users\Usuario\Documents\prestamoapp\app\controllers\LoanController.scala. Using presentation compiler with project's scala-library version: 3.3.3
2024.10.07 22:43:22 INFO  no build target found for C:\Users\Usuario\Documents\prestamoapp\app\controllers\LoanController.scala. Using presentation compiler with project's scala-library version: 3.3.3
2024.10.07 22:43:23 INFO  no build target found for C:\Users\Usuario\Documents\prestamoapp\app\controllers\LoanController.scala. Using presentation compiler with project's scala-library version: 3.3.3
2024.10.07 22:43:32 INFO  no build target found for C:\Users\Usuario\Documents\prestamoapp\app\controllers\LoanController.scala. Using presentation compiler with project's scala-library version: 3.3.3
2024.10.07 22:43:34 INFO  no build target found for C:\Users\Usuario\Documents\prestamoapp\app\controllers\LoanController.scala. Using presentation compiler with project's scala-library version: 3.3.3
2024.10.07 22:43:39 INFO  no build target found for C:\Users\Usuario\Documents\prestamoapp\app\models\loan.scala. Using presentation compiler with project's scala-library version: 3.3.3
2024.10.07 22:43:39 INFO  no build target found for C:\Users\Usuario\Documents\prestamoapp\app\models\loan.scala. Using presentation compiler with project's scala-library version: 3.3.3
2024.10.07 22:43:43 INFO  no build target found for C:\Users\Usuario\Documents\prestamoapp\app\models\loan.scala. Using presentation compiler with project's scala-library version: 3.3.3
2024.10.07 22:43:47 INFO  no build target found for C:\Users\Usuario\Documents\prestamoapp\app\models\loan.scala. Using presentation compiler with project's scala-library version: 3.3.3
2024.10.07 22:43:48 INFO  no build target found for C:\Users\Usuario\Documents\prestamoapp\app\models\loan.scala. Using presentation compiler with project's scala-library version: 3.3.3
2024.10.07 22:43:47 INFO  no build target found for C:\Users\Usuario\Documents\prestamoapp\app\models\loan.scala. Using presentation compiler with project's scala-library version: 3.3.3
2024.10.07 22:43:49 WARN  no build target for: C:\Users\Usuario\Documents\prestamoapp\app\models\loan.scala
2024.10.07 22:43:48 INFO  no build target found for C:\Users\Usuario\Documents\prestamoapp\app\models\loan.scala. Using presentation compiler with project's scala-library version: 3.3.3
2024.10.07 22:45:00 INFO  no build target found for C:\Users\Usuario\Documents\prestamoapp\app\models\loan.scala. Using presentation compiler with project's scala-library version: 3.3.3
2024.10.07 22:45:03 INFO  no build target found for C:\Users\Usuario\Documents\prestamoapp\build.sbt. Using presentation compiler with project's scala-library version: 3.3.3
2024.10.07 22:45:07 INFO  no build target found for C:\Users\Usuario\Documents\prestamoapp\build.sbt. Using presentation compiler with project's scala-library version: 3.3.3
2024.10.07 22:45:07 INFO  no build target found for C:\Users\Usuario\Documents\prestamoapp\build.sbt. Using presentation compiler with project's scala-library version: 3.3.3
2024.10.07 22:45:10 INFO  no build target found for C:\Users\Usuario\Documents\prestamoapp\build.sbt. Using presentation compiler with project's scala-library version: 3.3.3
2024.10.07 22:45:10 WARN  no build target for: C:\Users\Usuario\Documents\prestamoapp\build.sbt
2024.10.07 22:45:10 INFO  no build target found for C:\Users\Usuario\Documents\prestamoapp\build.sbt. Using presentation compiler with project's scala-library version: 3.3.3
2024.10.07 22:46:14 INFO  no build target found for C:\Users\Usuario\Documents\prestamoapp\app\controllers\LoanController.scala. Using presentation compiler with project's scala-library version: 3.3.3
2024.10.07 22:46:17 INFO  no build target found for C:\Users\Usuario\Documents\prestamoapp\app\models\loan.scala. Using presentation compiler with project's scala-library version: 3.3.3
2024.10.07 22:46:19 INFO  no build target found for C:\Users\Usuario\Documents\prestamoapp\app\models\loan.scala. Using presentation compiler with project's scala-library version: 3.3.3
2024.10.07 22:46:19 INFO  no build target found for C:\Users\Usuario\Documents\prestamoapp\app\models\loan.scala. Using presentation compiler with project's scala-library version: 3.3.3
2024.10.07 22:46:19 INFO  no build target found for C:\Users\Usuario\Documents\prestamoapp\app\models\loan.scala. Using presentation compiler with project's scala-library version: 3.3.3
2024.10.07 22:46:20 INFO  no build target found for C:\Users\Usuario\Documents\prestamoapp\app\models\loan.scala. Using presentation compiler with project's scala-library version: 3.3.3
2024.10.07 22:46:20 WARN  no build target for: C:\Users\Usuario\Documents\prestamoapp\app\models\loan.scala
2024.10.07 22:46:20 INFO  no build target found for C:\Users\Usuario\Documents\prestamoapp\app\models\loan.scala. Using presentation compiler with project's scala-library version: 3.3.3
2024.10.07 22:46:30 INFO  no build target found for C:\Users\Usuario\Documents\prestamoapp\app\models\loan.scala. Using presentation compiler with project's scala-library version: 3.3.3
2024.10.07 22:46:32 INFO  no build target found for C:\Users\Usuario\Documents\prestamoapp\app\controllers\LoanController.scala. Using presentation compiler with project's scala-library version: 3.3.3
2024.10.07 22:46:33 INFO  no build target found for C:\Users\Usuario\Documents\prestamoapp\app\controllers\LoanController.scala. Using presentation compiler with project's scala-library version: 3.3.3
2024.10.07 22:46:34 INFO  no build target found for C:\Users\Usuario\Documents\prestamoapp\app\controllers\LoanController.scala. Using presentation compiler with project's scala-library version: 3.3.3
2024.10.07 22:46:35 INFO  no build target found for C:\Users\Usuario\Documents\prestamoapp\app\controllers\LoanController.scala. Using presentation compiler with project's scala-library version: 3.3.3
2024.10.07 22:46:35 WARN  no build target for: C:\Users\Usuario\Documents\prestamoapp\app\controllers\LoanController.scala
2024.10.07 22:46:35 INFO  no build target found for C:\Users\Usuario\Documents\prestamoapp\app\controllers\LoanController.scala. Using presentation compiler with project's scala-library version: 3.3.3
2024.10.07 22:52:49 INFO  no build target found for C:\Users\Usuario\Documents\prestamoapp\build.sbt. Using presentation compiler with project's scala-library version: 3.3.3
2024.10.07 22:52:57 INFO  no build target found for C:\Users\Usuario\Documents\prestamoapp\build.sbt. Using presentation compiler with project's scala-library version: 3.3.3
2024.10.07 22:52:57 INFO  no build target found for C:\Users\Usuario\Documents\prestamoapp\build.sbt. Using presentation compiler with project's scala-library version: 3.3.3
2024.10.07 22:54:49 INFO  no build target found for C:\Users\Usuario\Documents\prestamoapp\build.sbt. Using presentation compiler with project's scala-library version: 3.3.3
2024.10.07 22:54:53 INFO  no build target found for C:\Users\Usuario\Documents\prestamoapp\build.sbt. Using presentation compiler with project's scala-library version: 3.3.3
2024.10.07 22:54:54 INFO  no build target found for C:\Users\Usuario\Documents\prestamoapp\build.sbt. Using presentation compiler with project's scala-library version: 3.3.3
2024.10.07 22:54:53 INFO  no build target found for C:\Users\Usuario\Documents\prestamoapp\build.sbt. Using presentation compiler with project's scala-library version: 3.3.3
2024.10.07 22:54:55 WARN  no build target for: C:\Users\Usuario\Documents\prestamoapp\build.sbt
2024.10.07 22:54:55 INFO  no build target found for C:\Users\Usuario\Documents\prestamoapp\build.sbt. Using presentation compiler with project's scala-library version: 3.3.3
2024.10.07 22:54:55 INFO  no build target found for C:\Users\Usuario\Documents\prestamoapp\build.sbt. Using presentation compiler with project's scala-library version: 3.3.3
2024.10.07 22:55:54 INFO  no build target found for C:\Users\Usuario\Documents\prestamoapp\app\models\LoanTable.scala. Using presentation compiler with project's scala-library version: 3.3.3
2024.10.07 22:56:00 INFO  no build target found for C:\Users\Usuario\Documents\prestamoapp\app\models\LoanTable.scala. Using presentation compiler with project's scala-library version: 3.3.3
2024.10.07 22:56:00 INFO  no build target found for C:\Users\Usuario\Documents\prestamoapp\app\models\LoanTable.scala. Using presentation compiler with project's scala-library version: 3.3.3
2024.10.07 22:56:07 INFO  no build target found for C:\Users\Usuario\Documents\prestamoapp\app\models\LoanTable.scala. Using presentation compiler with project's scala-library version: 3.3.3
2024.10.07 22:56:07 INFO  no build target found for C:\Users\Usuario\Documents\prestamoapp\app\models\LoanTable.scala. Using presentation compiler with project's scala-library version: 3.3.3
2024.10.07 22:56:07 INFO  no build target found for C:\Users\Usuario\Documents\prestamoapp\app\models\LoanTable.scala. Using presentation compiler with project's scala-library version: 3.3.3
2024.10.07 22:56:07 INFO  no build target found for C:\Users\Usuario\Documents\prestamoapp\app\models\LoanTable.scala. Using presentation compiler with project's scala-library version: 3.3.3
2024.10.07 22:56:08 INFO  no build target found for C:\Users\Usuario\Documents\prestamoapp\app\models\LoanTable.scala. Using presentation compiler with project's scala-library version: 3.3.3
2024.10.07 22:56:08 INFO  no build target found for C:\Users\Usuario\Documents\prestamoapp\app\models\LoanTable.scala. Using presentation compiler with project's scala-library version: 3.3.3
2024.10.07 22:56:08 INFO  no build target found for C:\Users\Usuario\Documents\prestamoapp\app\models\LoanTable.scala. Using presentation compiler with project's scala-library version: 3.3.3
2024.10.07 22:56:08 INFO  no build target found for C:\Users\Usuario\Documents\prestamoapp\app\models\LoanTable.scala. Using presentation compiler with project's scala-library version: 3.3.3
2024.10.07 22:56:08 INFO  no build target found for C:\Users\Usuario\Documents\prestamoapp\app\models\LoanTable.scala. Using presentation compiler with project's scala-library version: 3.3.3
2024.10.07 22:56:08 INFO  no build target found for C:\Users\Usuario\Documents\prestamoapp\app\models\LoanTable.scala. Using presentation compiler with project's scala-library version: 3.3.3
2024.10.07 22:56:08 INFO  no build target found for C:\Users\Usuario\Documents\prestamoapp\app\models\LoanTable.scala. Using presentation compiler with project's scala-library version: 3.3.3
2024.10.07 22:56:08 INFO  no build target found for C:\Users\Usuario\Documents\prestamoapp\app\models\LoanTable.scala. Using presentation compiler with project's scala-library version: 3.3.3
2024.10.07 22:56:08 INFO  no build target found for C:\Users\Usuario\Documents\prestamoapp\app\models\LoanTable.scala. Using presentation compiler with project's scala-library version: 3.3.3
2024.10.07 22:56:09 INFO  no build target found for C:\Users\Usuario\Documents\prestamoapp\app\models\LoanTable.scala. Using presentation compiler with project's scala-library version: 3.3.3
2024.10.07 22:56:09 INFO  no build target found for C:\Users\Usuario\Documents\prestamoapp\app\models\LoanTable.scala. Using presentation compiler with project's scala-library version: 3.3.3
2024.10.07 22:56:09 INFO  no build target found for C:\Users\Usuario\Documents\prestamoapp\app\models\LoanTable.scala. Using presentation compiler with project's scala-library version: 3.3.3
2024.10.07 22:56:10 INFO  no build target found for C:\Users\Usuario\Documents\prestamoapp\app\models\LoanTable.scala. Using presentation compiler with project's scala-library version: 3.3.3
2024.10.07 22:56:09 INFO  no build target found for C:\Users\Usuario\Documents\prestamoapp\app\models\LoanTable.scala. Using presentation compiler with project's scala-library version: 3.3.3
2024.10.07 22:56:10 INFO  no build target found for C:\Users\Usuario\Documents\prestamoapp\app\models\LoanTable.scala. Using presentation compiler with project's scala-library version: 3.3.3
2024.10.07 22:56:09 INFO  no build target found for C:\Users\Usuario\Documents\prestamoapp\app\models\LoanTable.scala. Using presentation compiler with project's scala-library version: 3.3.3
2024.10.07 22:56:10 INFO  no build target found for C:\Users\Usuario\Documents\prestamoapp\app\models\LoanTable.scala. Using presentation compiler with project's scala-library version: 3.3.3
2024.10.07 22:56:11 INFO  no build target found for C:\Users\Usuario\Documents\prestamoapp\app\models\LoanTable.scala. Using presentation compiler with project's scala-library version: 3.3.3
2024.10.07 22:56:10 INFO  no build target found for C:\Users\Usuario\Documents\prestamoapp\app\models\LoanTable.scala. Using presentation compiler with project's scala-library version: 3.3.3
2024.10.07 22:56:11 INFO  no build target found for C:\Users\Usuario\Documents\prestamoapp\app\models\LoanTable.scala. Using presentation compiler with project's scala-library version: 3.3.3
2024.10.07 22:56:11 INFO  no build target found for C:\Users\Usuario\Documents\prestamoapp\app\models\LoanTable.scala. Using presentation compiler with project's scala-library version: 3.3.3
2024.10.07 22:56:11 INFO  no build target found for C:\Users\Usuario\Documents\prestamoapp\app\models\LoanTable.scala. Using presentation compiler with project's scala-library version: 3.3.3
2024.10.07 22:56:11 INFO  no build target found for C:\Users\Usuario\Documents\prestamoapp\app\models\LoanTable.scala. Using presentation compiler with project's scala-library version: 3.3.3
2024.10.07 22:56:12 INFO  no build target found for C:\Users\Usuario\Documents\prestamoapp\app\models\LoanTable.scala. Using presentation compiler with project's scala-library version: 3.3.3
2024.10.07 22:56:11 INFO  no build target found for C:\Users\Usuario\Documents\prestamoapp\app\models\LoanTable.scala. Using presentation compiler with project's scala-library version: 3.3.3
2024.10.07 22:56:12 INFO  no build target found for C:\Users\Usuario\Documents\prestamoapp\app\models\LoanTable.scala. Using presentation compiler with project's scala-library version: 3.3.3
2024.10.07 22:56:11 INFO  no build target found for C:\Users\Usuario\Documents\prestamoapp\app\models\LoanTable.scala. Using presentation compiler with project's scala-library version: 3.3.3
2024.10.07 22:56:12 INFO  no build target found for C:\Users\Usuario\Documents\prestamoapp\app\models\LoanTable.scala. Using presentation compiler with project's scala-library version: 3.3.3
2024.10.07 22:56:11 INFO  no build target found for C:\Users\Usuario\Documents\prestamoapp\app\models\LoanTable.scala. Using presentation compiler with project's scala-library version: 3.3.3
2024.10.07 22:56:11 WARN  Could not find semantic tokens for: file:///C:/Users/Usuario/Documents/prestamoapp/app/models/LoanTable.scala
2024.10.07 22:56:12 INFO  no build target found for C:\Users\Usuario\Documents\prestamoapp\app\models\LoanTable.scala. Using presentation compiler with project's scala-library version: 3.3.3
2024.10.07 22:56:13 INFO  no build target found for C:\Users\Usuario\Documents\prestamoapp\app\models\LoanTable.scala. Using presentation compiler with project's scala-library version: 3.3.3
2024.10.07 22:56:13 WARN  Could not find semantic tokens for: file:///C:/Users/Usuario/Documents/prestamoapp/app/models/LoanTable.scala
2024.10.07 22:56:13 INFO  no build target found for C:\Users\Usuario\Documents\prestamoapp\app\models\LoanTable.scala. Using presentation compiler with project's scala-library version: 3.3.3
2024.10.07 22:56:14 INFO  no build target found for C:\Users\Usuario\Documents\prestamoapp\app\models\LoanTable.scala. Using presentation compiler with project's scala-library version: 3.3.3
2024.10.07 22:56:16 INFO  no build target found for C:\Users\Usuario\Documents\prestamoapp\app\models\LoanTable.scala. Using presentation compiler with project's scala-library version: 3.3.3
2024.10.07 22:56:17 INFO  no build target found for C:\Users\Usuario\Documents\prestamoapp\app\models\LoanTable.scala. Using presentation compiler with project's scala-library version: 3.3.3
2024.10.07 22:56:17 INFO  no build target found for C:\Users\Usuario\Documents\prestamoapp\app\models\LoanTable.scala. Using presentation compiler with project's scala-library version: 3.3.3
2024.10.07 22:56:18 WARN  no build target for: C:\Users\Usuario\Documents\prestamoapp\app\models\LoanTable.scala
2024.10.07 22:56:18 INFO  no build target found for C:\Users\Usuario\Documents\prestamoapp\app\models\LoanTable.scala. Using presentation compiler with project's scala-library version: 3.3.3
2024.10.07 22:56:18 INFO  no build target found for C:\Users\Usuario\Documents\prestamoapp\app\models\LoanTable.scala. Using presentation compiler with project's scala-library version: 3.3.3
2024.10.07 22:56:28 INFO  no build target found for C:\Users\Usuario\Documents\prestamoapp\app\models\LoanTable.scala. Using presentation compiler with project's scala-library version: 3.3.3
2024.10.07 22:56:28 INFO  no build target found for C:\Users\Usuario\Documents\prestamoapp\app\models\LoanTable.scala. Using presentation compiler with project's scala-library version: 3.3.3
2024.10.07 22:56:31 INFO  no build target found for C:\Users\Usuario\Documents\prestamoapp\app\controllers\LoanController.scala. Using presentation compiler with project's scala-library version: 3.3.3
2024.10.07 22:56:34 INFO  no build target found for C:\Users\Usuario\Documents\prestamoapp\app\controllers\LoanController.scala. Using presentation compiler with project's scala-library version: 3.3.3
2024.10.07 22:56:34 INFO  no build target found for C:\Users\Usuario\Documents\prestamoapp\app\controllers\LoanController.scala. Using presentation compiler with project's scala-library version: 3.3.3
2024.10.07 22:56:35 INFO  no build target found for C:\Users\Usuario\Documents\prestamoapp\app\controllers\LoanController.scala. Using presentation compiler with project's scala-library version: 3.3.3
2024.10.07 22:56:35 INFO  no build target found for C:\Users\Usuario\Documents\prestamoapp\app\controllers\LoanController.scala. Using presentation compiler with project's scala-library version: 3.3.3
2024.10.07 22:56:35 INFO  no build target found for C:\Users\Usuario\Documents\prestamoapp\app\controllers\LoanController.scala. Using presentation compiler with project's scala-library version: 3.3.3
2024.10.07 22:56:35 INFO  no build target found for C:\Users\Usuario\Documents\prestamoapp\app\controllers\LoanController.scala. Using presentation compiler with project's scala-library version: 3.3.3
2024.10.07 22:56:36 WARN  no build target for: C:\Users\Usuario\Documents\prestamoapp\app\controllers\LoanController.scala
2024.10.07 22:56:36 INFO  no build target found for C:\Users\Usuario\Documents\prestamoapp\app\controllers\LoanController.scala. Using presentation compiler with project's scala-library version: 3.3.3
2024.10.07 22:56:37 INFO  no build target found for C:\Users\Usuario\Documents\prestamoapp\app\controllers\LoanController.scala. Using presentation compiler with project's scala-library version: 3.3.3
2024.10.07 22:56:37 INFO  no build target found for C:\Users\Usuario\Documents\prestamoapp\app\controllers\LoanController.scala. Using presentation compiler with project's scala-library version: 3.3.3
2024.10.07 22:56:53 INFO  no build target found for C:\Users\Usuario\Documents\prestamoapp\app\controllers\LoanController.scala. Using presentation compiler with project's scala-library version: 3.3.3
